#
# There is insufficient memory for the Java Runtime Environment to continue.
# Native memory allocation (malloc) failed to allocate 129456 bytes for Chunk::new
# Possible reasons:
#   The system is out of physical RAM or swap space
#   The process is running with CompressedOops enabled, and the Java Heap may be blocking the growth of the native heap
# Possible solutions:
#   Reduce memory load on the system
#   Increase physical memory or swap space
#   Check if swap backing store is full
#   Decrease Java heap size (-Xmx/-Xms)
#   Decrease number of Java threads
#     maximum limit for the native heap growth. Please use -XX:HeapBaseMinAddress
#     to set the Java Heap base and to place the Java Heap above 4GB virtual address.
# This output file may be truncated or incomplete.
#
#  Out of Memory Error (arena.cpp:168), pid=18796, tid=7856
#
# JRE version: Java(TM) SE Runtime Environment (21.0.4+8) (build 21.0.4+8-LTS-274)
# Java VM: Java HotSpot(TM) 64-Bit Server VM (21.0.4+8-LTS-274, mixed mode, sharing, tiered, compressed oops, compressed class ptrs, g1 gc, windows-amd64)
# No core dump will be written. Minidumps are not enabled by default on client versions of Windows
#

---------------  S U M M A R Y ------------

Command Line: -Dfile.encoding=UTF-8 -Dstdout.encoding=UTF-8 -Dstderr.encoding=UTF-8 -XX:+ShowCodeDetailsInExceptionMessages com.CRUDOP.ProductManagementSystem.ProductManagementSystemApplication

Host: Intel(R) Core(TM) i3-6006U CPU @ 2.00GHz, 4 cores, 3G,  Windows 10 , 64 bit Build 19041 (10.0.19041.5915)
Time: Wed Jul  2 17:53:01 2025 India Standard Time elapsed time: 1632.933666 seconds (0d 0h 27m 12s)

---------------  T H R E A D  ---------------

Current thread (0x000001a3d597d030):  JavaThread "C2 CompilerThread0" daemon [_thread_in_native, id=7856, stack(0x0000006617300000,0x0000006617400000) (1024K)]


Current CompileTask:
C2:1632934 9820       4       java.util.concurrent.locks.AbstractQueuedSynchronizer$ConditionObject::enableWait (84 bytes)

Stack: [0x0000006617300000,0x0000006617400000]
Native frames: (J=compiled Java code, j=interpreted, Vv=VM code, C=native code)
V  [jvm.dll+0x6c8e59]
V  [jvm.dll+0x853181]
V  [jvm.dll+0x8556ae]
V  [jvm.dll+0x855d83]
V  [jvm.dll+0x27d526]
V  [jvm.dll+0xc4aad]
V  [jvm.dll+0xc4fe3]
V  [jvm.dll+0x3b3fd2]
V  [jvm.dll+0x3809a5]
V  [jvm.dll+0x37fe1a]
V  [jvm.dll+0x246280]
V  [jvm.dll+0x24585f]
V  [jvm.dll+0x1c69de]
V  [jvm.dll+0x254d49]
V  [jvm.dll+0x2532da]
V  [jvm.dll+0x3ed426]
V  [jvm.dll+0x7fd65b]
V  [jvm.dll+0x6c753d]
C  [ucrtbase.dll+0x21bb2]
C  [KERNEL32.DLL+0x17374]
C  [ntdll.dll+0x4cc91]


---------------  P R O C E S S  ---------------

Threads class SMR info:
_java_thread_list=0x000001a41cfa6f80, length=30, elements={
0x000001a3d5972da0, 0x000001a3d5974460, 0x000001a3d5979150, 0x000001a3d597a3c0,
0x000001a3d597ae20, 0x000001a3d597b880, 0x000001a3d597d030, 0x000001a3d59aa1c0,
0x000001a3d5bcbc70, 0x000001a3d5bd8c80, 0x000001a41cbe2b30, 0x000001a41e3ae390,
0x000001a41d377f60, 0x000001a41e3af740, 0x000001a41e3afdd0, 0x000001a41e3ac950,
0x000001a41e3acfe0, 0x000001a41d373730, 0x000001a41d3799a0, 0x000001a41d37a030,
0x000001a41d374450, 0x000001a41d3730a0, 0x000001a41d374ae0, 0x000001a41d37a6c0,
0x000001a41d375e90, 0x000001a41d378c80, 0x000001a41d376520, 0x000001a41d373dc0,
0x000001a41d375170, 0x000001a41d376bb0
}

Java Threads: ( => current thread )
  0x000001a3d5972da0 JavaThread "Reference Handler"          daemon [_thread_blocked, id=10912, stack(0x0000006616d00000,0x0000006616e00000) (1024K)]
  0x000001a3d5974460 JavaThread "Finalizer"                  daemon [_thread_blocked, id=19528, stack(0x0000006616e00000,0x0000006616f00000) (1024K)]
  0x000001a3d5979150 JavaThread "Signal Dispatcher"          daemon [_thread_blocked, id=15428, stack(0x0000006616f00000,0x0000006617000000) (1024K)]
  0x000001a3d597a3c0 JavaThread "Attach Listener"            daemon [_thread_blocked, id=2900, stack(0x0000006617000000,0x0000006617100000) (1024K)]
  0x000001a3d597ae20 JavaThread "Service Thread"             daemon [_thread_blocked, id=4628, stack(0x0000006617100000,0x0000006617200000) (1024K)]
  0x000001a3d597b880 JavaThread "Monitor Deflation Thread"   daemon [_thread_blocked, id=6348, stack(0x0000006617200000,0x0000006617300000) (1024K)]
=>0x000001a3d597d030 JavaThread "C2 CompilerThread0"         daemon [_thread_in_native, id=7856, stack(0x0000006617300000,0x0000006617400000) (1024K)]
  0x000001a3d59aa1c0 JavaThread "C1 CompilerThread0"         daemon [_thread_blocked, id=3388, stack(0x0000006617400000,0x0000006617500000) (1024K)]
  0x000001a3d5bcbc70 JavaThread "Notification Thread"        daemon [_thread_blocked, id=5488, stack(0x0000006617500000,0x0000006617600000) (1024K)]
  0x000001a3d5bd8c80 JavaThread "Common-Cleaner"             daemon [_thread_blocked, id=9640, stack(0x0000006617600000,0x0000006617700000) (1024K)]
  0x000001a41cbe2b30 JavaThread "mysql-cj-abandoned-connection-cleanup" daemon [_thread_blocked, id=6688, stack(0x0000006617f00000,0x0000006618000000) (1024K)]
  0x000001a41e3ae390 JavaThread "Live Reload Server"         daemon [_thread_in_native, id=17892, stack(0x0000006618500000,0x0000006618600000) (1024K)]
  0x000001a41d377f60 JavaThread "DestroyJavaVM"                     [_thread_blocked, id=6360, stack(0x0000006616500000,0x0000006616600000) (1024K)]
  0x000001a41e3af740 JavaThread "Catalina-utility-1"                [_thread_blocked, id=18720, stack(0x0000006616400000,0x0000006616500000) (1024K)]
  0x000001a41e3afdd0 JavaThread "Catalina-utility-2"                [_thread_blocked, id=3056, stack(0x0000006617c00000,0x0000006617d00000) (1024K)]
  0x000001a41e3ac950 JavaThread "container-0"                       [_thread_blocked, id=17472, stack(0x0000006617d00000,0x0000006617e00000) (1024K)]
  0x000001a41e3acfe0 JavaThread "HikariPool-5:housekeeper"   daemon [_thread_blocked, id=8408, stack(0x0000006617e00000,0x0000006617f00000) (1024K)]
  0x000001a41d373730 JavaThread "File Watcher"               daemon [_thread_blocked, id=10340, stack(0x0000006618100000,0x0000006618200000) (1024K)]
  0x000001a41d3799a0 JavaThread "http-nio-80-exec-1"         daemon [_thread_blocked, id=2340, stack(0x0000006618200000,0x0000006618300000) (1024K)]
  0x000001a41d37a030 JavaThread "http-nio-80-exec-2"         daemon [_thread_blocked, id=14432, stack(0x0000006618300000,0x0000006618400000) (1024K)]
  0x000001a41d374450 JavaThread "http-nio-80-exec-3"         daemon [_thread_blocked, id=6416, stack(0x0000006618400000,0x0000006618500000) (1024K)]
  0x000001a41d3730a0 JavaThread "http-nio-80-exec-4"         daemon [_thread_blocked, id=15692, stack(0x0000006618600000,0x0000006618700000) (1024K)]
  0x000001a41d374ae0 JavaThread "http-nio-80-exec-5"         daemon [_thread_blocked, id=5360, stack(0x0000006618700000,0x0000006618800000) (1024K)]
  0x000001a41d37a6c0 JavaThread "http-nio-80-exec-6"         daemon [_thread_blocked, id=17364, stack(0x0000006618800000,0x0000006618900000) (1024K)]
  0x000001a41d375e90 JavaThread "http-nio-80-exec-7"         daemon [_thread_blocked, id=3336, stack(0x0000006618900000,0x0000006618a00000) (1024K)]
  0x000001a41d378c80 JavaThread "http-nio-80-exec-8"         daemon [_thread_blocked, id=14376, stack(0x0000006618a00000,0x0000006618b00000) (1024K)]
  0x000001a41d376520 JavaThread "http-nio-80-exec-9"         daemon [_thread_blocked, id=17896, stack(0x0000006618b00000,0x0000006618c00000) (1024K)]
  0x000001a41d373dc0 JavaThread "http-nio-80-exec-10"        daemon [_thread_blocked, id=1408, stack(0x0000006618c00000,0x0000006618d00000) (1024K)]
  0x000001a41d375170 JavaThread "http-nio-80-Poller"         daemon [_thread_in_native, id=18228, stack(0x0000006618d00000,0x0000006618e00000) (1024K)]
  0x000001a41d376bb0 JavaThread "http-nio-80-Acceptor"       daemon [_thread_in_native, id=4784, stack(0x0000006618e00000,0x0000006618f00000) (1024K)]
Total: 30

Other Threads:
  0x000001a3bada0f80 VMThread "VM Thread"                           [id=5512, stack(0x0000006616c00000,0x0000006616d00000) (1024K)]
  0x000001a3d595ca10 WatcherThread "VM Periodic Task Thread"        [id=17524, stack(0x0000006616b00000,0x0000006616c00000) (1024K)]
  0x000001a3bad1a1e0 WorkerThread "GC Thread#0"                     [id=12580, stack(0x0000006616600000,0x0000006616700000) (1024K)]
  0x000001a41b2cbe60 WorkerThread "GC Thread#1"                     [id=14940, stack(0x0000006617700000,0x0000006617800000) (1024K)]
  0x000001a41b21e130 WorkerThread "GC Thread#2"                     [id=18560, stack(0x0000006617800000,0x0000006617900000) (1024K)]
  0x000001a41b293bc0 WorkerThread "GC Thread#3"                     [id=19376, stack(0x0000006617900000,0x0000006617a00000) (1024K)]
  0x000001a3bad246f0 ConcurrentGCThread "G1 Main Marker"            [id=16172, stack(0x0000006616700000,0x0000006616800000) (1024K)]
  0x000001a3bad25100 WorkerThread "G1 Conc#0"                       [id=18668, stack(0x0000006616800000,0x0000006616900000) (1024K)]
  0x000001a3bad7e110 ConcurrentGCThread "G1 Refine#0"               [id=11780, stack(0x0000006616900000,0x0000006616a00000) (1024K)]
  0x000001a3bad80340 ConcurrentGCThread "G1 Service"                [id=8536, stack(0x0000006616a00000,0x0000006616b00000) (1024K)]
Total: 10

Threads with active compile tasks:
C2 CompilerThread0  1633206 9820       4       java.util.concurrent.locks.AbstractQueuedSynchronizer$ConditionObject::enableWait (84 bytes)
Total: 1

VM state: not at safepoint (normal execution)

VM Mutex/Monitor currently owned by a thread: None

Heap address: 0x00000000c1400000, size: 1004 MB, Compressed Oops mode: 32-bit

CDS archive(s) mapped at: [0x000001a3d6000000-0x000001a3d6c90000-0x000001a3d6c90000), size 13172736, SharedBaseAddress: 0x000001a3d6000000, ArchiveRelocationMode: 1.
Compressed class space mapped at: 0x000001a3d7000000-0x000001a417000000, reserved size: 1073741824
Narrow klass base: 0x000001a3d6000000, Narrow klass shift: 0, Narrow klass range: 0x100000000

GC Precious Log:
 CardTable entry size: 512
 Card Set container configuration: InlinePtr #cards 5 size 8 Array Of Cards #cards 12 size 40 Howl #buckets 4 coarsen threshold 1843 Howl Bitmap #cards 512 size 80 coarsen threshold 460 Card regions per heap region 1 cards per card region 2048
 CPUs: 4 total, 4 available
 Memory: 4012M
 Large Page Support: Disabled
 NUMA Support: Disabled
 Compressed Oops: Enabled (32-bit)
 Heap Region Size: 1M
 Heap Min Capacity: 8M
 Heap Initial Capacity: 64M
 Heap Max Capacity: 1004M
 Pre-touch: Disabled
 Parallel Workers: 4
 Concurrent Workers: 1
 Concurrent Refinement Workers: 4
 Periodic GC: Disabled

Heap:
 garbage-first heap   total 63488K, used 49254K [0x00000000c1400000, 0x0000000100000000)
  region size 1024K, 20 young (20480K), 2 survivors (2048K)
 Metaspace       used 72566K, committed 73280K, reserved 1114112K
  class space    used 9387K, committed 9728K, reserved 1048576K

Heap Regions: E=young(eden), S=young(survivor), O=old, HS=humongous(starts), HC=humongous(continues), CS=collection set, F=free, TAMS=top-at-mark-start, PB=parsable bottom
|   0|0x00000000c1400000, 0x00000000c1500000, 0x00000000c1500000|100%|HS|  |TAMS 0x00000000c1400000| PB 0x00000000c1400000| Complete 
|   1|0x00000000c1500000, 0x00000000c1600000, 0x00000000c1600000|100%|HS|  |TAMS 0x00000000c1500000| PB 0x00000000c1500000| Complete 
|   2|0x00000000c1600000, 0x00000000c1700000, 0x00000000c1700000|100%| O|  |TAMS 0x00000000c1600000| PB 0x00000000c1600000| Untracked 
|   3|0x00000000c1700000, 0x00000000c1800000, 0x00000000c1800000|100%| O|  |TAMS 0x00000000c1700000| PB 0x00000000c1700000| Untracked 
|   4|0x00000000c1800000, 0x00000000c18ffff8, 0x00000000c1900000| 99%| O|  |TAMS 0x00000000c1800000| PB 0x00000000c1800000| Untracked 
|   5|0x00000000c1900000, 0x00000000c1a00000, 0x00000000c1a00000|100%| O|  |TAMS 0x00000000c1900000| PB 0x00000000c1900000| Untracked 
|   6|0x00000000c1a00000, 0x00000000c1affff0, 0x00000000c1b00000| 99%| O|  |TAMS 0x00000000c1a00000| PB 0x00000000c1a00000| Untracked 
|   7|0x00000000c1b00000, 0x00000000c1bfffe8, 0x00000000c1c00000| 99%| O|  |TAMS 0x00000000c1b00000| PB 0x00000000c1b00000| Untracked 
|   8|0x00000000c1c00000, 0x00000000c1cfffb0, 0x00000000c1d00000| 99%| O|  |TAMS 0x00000000c1c00000| PB 0x00000000c1c00000| Untracked 
|   9|0x00000000c1d00000, 0x00000000c1dffff8, 0x00000000c1e00000| 99%| O|  |TAMS 0x00000000c1d00000| PB 0x00000000c1d00000| Untracked 
|  10|0x00000000c1e00000, 0x00000000c1f00000, 0x00000000c1f00000|100%| O|  |TAMS 0x00000000c1e00000| PB 0x00000000c1e00000| Untracked 
|  11|0x00000000c1f00000, 0x00000000c2000000, 0x00000000c2000000|100%| O|  |TAMS 0x00000000c1f00000| PB 0x00000000c1f00000| Untracked 
|  12|0x00000000c2000000, 0x00000000c2100000, 0x00000000c2100000|100%| O|  |TAMS 0x00000000c2000000| PB 0x00000000c2000000| Untracked 
|  13|0x00000000c2100000, 0x00000000c21ffe70, 0x00000000c2200000| 99%| O|  |TAMS 0x00000000c2100000| PB 0x00000000c2100000| Untracked 
|  14|0x00000000c2200000, 0x00000000c2300000, 0x00000000c2300000|100%| O|  |TAMS 0x00000000c2200000| PB 0x00000000c2200000| Untracked 
|  15|0x00000000c2300000, 0x00000000c2400000, 0x00000000c2400000|100%| O|  |TAMS 0x00000000c2300000| PB 0x00000000c2300000| Untracked 
|  16|0x00000000c2400000, 0x00000000c24ffff0, 0x00000000c2500000| 99%| O|  |TAMS 0x00000000c2400000| PB 0x00000000c2400000| Untracked 
|  17|0x00000000c2500000, 0x00000000c25ffff8, 0x00000000c2600000| 99%| O|  |TAMS 0x00000000c2500000| PB 0x00000000c2500000| Untracked 
|  18|0x00000000c2600000, 0x00000000c26fffd0, 0x00000000c2700000| 99%| O|  |TAMS 0x00000000c2600000| PB 0x00000000c2600000| Untracked 
|  19|0x00000000c2700000, 0x00000000c27fdaf0, 0x00000000c2800000| 99%| O|  |TAMS 0x00000000c2700000| PB 0x00000000c2700000| Untracked 
|  20|0x00000000c2800000, 0x00000000c28ffff8, 0x00000000c2900000| 99%| O|  |TAMS 0x00000000c2800000| PB 0x00000000c2800000| Untracked 
|  21|0x00000000c2900000, 0x00000000c2a00000, 0x00000000c2a00000|100%| O|  |TAMS 0x00000000c2900000| PB 0x00000000c2900000| Untracked 
|  22|0x00000000c2a00000, 0x00000000c2aff3c8, 0x00000000c2b00000| 99%| O|  |TAMS 0x00000000c2a00000| PB 0x00000000c2a00000| Untracked 
|  23|0x00000000c2b00000, 0x00000000c2bfe6a0, 0x00000000c2c00000| 99%| O|  |TAMS 0x00000000c2b00000| PB 0x00000000c2b00000| Untracked 
|  24|0x00000000c2c00000, 0x00000000c2cffff0, 0x00000000c2d00000| 99%| O|  |TAMS 0x00000000c2c00000| PB 0x00000000c2c00000| Untracked 
|  25|0x00000000c2d00000, 0x00000000c2dc8620, 0x00000000c2e00000| 78%| O|  |TAMS 0x00000000c2d00000| PB 0x00000000c2d00000| Untracked 
|  26|0x00000000c2e00000, 0x00000000c2e83aa0, 0x00000000c2f00000| 51%| O|Cm|TAMS 0x00000000c2e00000| PB 0x00000000c2e00000| Complete 
|  27|0x00000000c2f00000, 0x00000000c2fd2658, 0x00000000c3000000| 82%| O|  |TAMS 0x00000000c2f00000| PB 0x00000000c2f00000| Untracked 
|  28|0x00000000c3000000, 0x00000000c3100000, 0x00000000c3100000|100%| O|  |TAMS 0x00000000c3000000| PB 0x00000000c3000000| Untracked 
|  29|0x00000000c3100000, 0x00000000c3200000, 0x00000000c3200000|100%| O|  |TAMS 0x00000000c3100000| PB 0x00000000c3100000| Untracked 
|  30|0x00000000c3200000, 0x00000000c3200000, 0x00000000c3300000|  0%| F|  |TAMS 0x00000000c3200000| PB 0x00000000c3200000| Untracked 
|  31|0x00000000c3300000, 0x00000000c3300000, 0x00000000c3400000|  0%| F|  |TAMS 0x00000000c3300000| PB 0x00000000c3300000| Untracked 
|  32|0x00000000c3400000, 0x00000000c3400000, 0x00000000c3500000|  0%| F|  |TAMS 0x00000000c3400000| PB 0x00000000c3400000| Untracked 
|  33|0x00000000c3500000, 0x00000000c3500000, 0x00000000c3600000|  0%| F|  |TAMS 0x00000000c3500000| PB 0x00000000c3500000| Untracked 
|  34|0x00000000c3600000, 0x00000000c3600000, 0x00000000c3700000|  0%| F|  |TAMS 0x00000000c3600000| PB 0x00000000c3600000| Untracked 
|  35|0x00000000c3700000, 0x00000000c3700000, 0x00000000c3800000|  0%| F|  |TAMS 0x00000000c3700000| PB 0x00000000c3700000| Untracked 
|  36|0x00000000c3800000, 0x00000000c3800000, 0x00000000c3900000|  0%| F|  |TAMS 0x00000000c3800000| PB 0x00000000c3800000| Untracked 
|  37|0x00000000c3900000, 0x00000000c3900000, 0x00000000c3a00000|  0%| F|  |TAMS 0x00000000c3900000| PB 0x00000000c3900000| Untracked 
|  38|0x00000000c3a00000, 0x00000000c3a00000, 0x00000000c3b00000|  0%| F|  |TAMS 0x00000000c3a00000| PB 0x00000000c3a00000| Untracked 
|  39|0x00000000c3b00000, 0x00000000c3b00000, 0x00000000c3c00000|  0%| F|  |TAMS 0x00000000c3b00000| PB 0x00000000c3b00000| Untracked 
|  40|0x00000000c3c00000, 0x00000000c3c00000, 0x00000000c3d00000|  0%| F|  |TAMS 0x00000000c3c00000| PB 0x00000000c3c00000| Untracked 
|  41|0x00000000c3d00000, 0x00000000c3e00000, 0x00000000c3e00000|100%| S|CS|TAMS 0x00000000c3d00000| PB 0x00000000c3d00000| Complete 
|  42|0x00000000c3e00000, 0x00000000c3f00000, 0x00000000c3f00000|100%| S|CS|TAMS 0x00000000c3e00000| PB 0x00000000c3e00000| Complete 
|  43|0x00000000c3f00000, 0x00000000c3f00000, 0x00000000c4000000|  0%| F|  |TAMS 0x00000000c3f00000| PB 0x00000000c3f00000| Untracked 
|  44|0x00000000c4000000, 0x00000000c4061528, 0x00000000c4100000| 38%| E|  |TAMS 0x00000000c4000000| PB 0x00000000c4000000| Complete 
|  45|0x00000000c4100000, 0x00000000c4200000, 0x00000000c4200000|100%| E|CS|TAMS 0x00000000c4100000| PB 0x00000000c4100000| Complete 
|  46|0x00000000c4200000, 0x00000000c4300000, 0x00000000c4300000|100%| E|CS|TAMS 0x00000000c4200000| PB 0x00000000c4200000| Complete 
|  47|0x00000000c4300000, 0x00000000c4400000, 0x00000000c4400000|100%| E|CS|TAMS 0x00000000c4300000| PB 0x00000000c4300000| Complete 
|  48|0x00000000c4400000, 0x00000000c4500000, 0x00000000c4500000|100%| E|CS|TAMS 0x00000000c4400000| PB 0x00000000c4400000| Complete 
|  49|0x00000000c4500000, 0x00000000c4600000, 0x00000000c4600000|100%| E|CS|TAMS 0x00000000c4500000| PB 0x00000000c4500000| Complete 
|  50|0x00000000c4600000, 0x00000000c4700000, 0x00000000c4700000|100%| E|CS|TAMS 0x00000000c4600000| PB 0x00000000c4600000| Complete 
|  51|0x00000000c4700000, 0x00000000c4800000, 0x00000000c4800000|100%| E|CS|TAMS 0x00000000c4700000| PB 0x00000000c4700000| Complete 
|  52|0x00000000c4800000, 0x00000000c4900000, 0x00000000c4900000|100%| E|CS|TAMS 0x00000000c4800000| PB 0x00000000c4800000| Complete 
|  53|0x00000000c4900000, 0x00000000c4a00000, 0x00000000c4a00000|100%| E|CS|TAMS 0x00000000c4900000| PB 0x00000000c4900000| Complete 
|  54|0x00000000c4a00000, 0x00000000c4b00000, 0x00000000c4b00000|100%| E|CS|TAMS 0x00000000c4a00000| PB 0x00000000c4a00000| Complete 
|  55|0x00000000c4b00000, 0x00000000c4c00000, 0x00000000c4c00000|100%| E|CS|TAMS 0x00000000c4b00000| PB 0x00000000c4b00000| Complete 
|  56|0x00000000c4c00000, 0x00000000c4d00000, 0x00000000c4d00000|100%| E|CS|TAMS 0x00000000c4c00000| PB 0x00000000c4c00000| Complete 
|  57|0x00000000c4d00000, 0x00000000c4e00000, 0x00000000c4e00000|100%| E|CS|TAMS 0x00000000c4d00000| PB 0x00000000c4d00000| Complete 
|  58|0x00000000c4e00000, 0x00000000c4f00000, 0x00000000c4f00000|100%| E|CS|TAMS 0x00000000c4e00000| PB 0x00000000c4e00000| Complete 
|  59|0x00000000c4f00000, 0x00000000c5000000, 0x00000000c5000000|100%| E|CS|TAMS 0x00000000c4f00000| PB 0x00000000c4f00000| Complete 
|  60|0x00000000c5000000, 0x00000000c5100000, 0x00000000c5100000|100%| E|CS|TAMS 0x00000000c5000000| PB 0x00000000c5000000| Complete 
|  63|0x00000000c5300000, 0x00000000c5400000, 0x00000000c5400000|100%| E|CS|TAMS 0x00000000c5300000| PB 0x00000000c5300000| Complete 

Card table byte_map: [0x000001a3d2360000,0x000001a3d2560000] _byte_map_base: 0x000001a3d1d56000

Marking Bits: (CMBitMap*) 0x000001a3bad1b800
 Bits: [0x000001a3d2560000, 0x000001a3d3510000)

Polling page: 0x000001a3b8bc0000

Metaspace:

Usage:
  Non-class:     61.70 MB used.
      Class:      9.17 MB used.
       Both:     70.87 MB used.

Virtual space:
  Non-class space:       64.00 MB reserved,      62.06 MB ( 97%) committed,  1 nodes.
      Class space:        1.00 GB reserved,       9.50 MB ( <1%) committed,  1 nodes.
             Both:        1.06 GB reserved,      71.56 MB (  7%) committed. 

Chunk freelists:
   Non-Class:  1.75 MB
       Class:  6.50 MB
        Both:  8.24 MB

MaxMetaspaceSize: unlimited
CompressedClassSpaceSize: 1.00 GB
Initial GC threshold: 21.00 MB
Current GC threshold: 118.56 MB
CDS: on
 - commit_granule_bytes: 65536.
 - commit_granule_words: 8192.
 - virtual_space_node_default_size: 8388608.
 - enlarge_chunks_in_place: 1.
 - use_allocation_guard: 0.


Internal statistics:

num_allocs_failed_limit: 12.
num_arena_births: 1062.
num_arena_deaths: 294.
num_vsnodes_births: 2.
num_vsnodes_deaths: 0.
num_space_committed: 1144.
num_space_uncommitted: 0.
num_chunks_returned_to_freelist: 350.
num_chunks_taken_from_freelist: 3858.
num_chunk_merges: 87.
num_chunk_splits: 2529.
num_chunks_enlarged: 1909.
num_inconsistent_stats: 0.

CodeHeap 'non-profiled nmethods': size=120000Kb used=4058Kb max_used=4058Kb free=115941Kb
 bounds [0x000001a3cac30000, 0x000001a3cb030000, 0x000001a3d2160000]
CodeHeap 'profiled nmethods': size=120000Kb used=12507Kb max_used=12507Kb free=107492Kb
 bounds [0x000001a3c3160000, 0x000001a3c3da0000, 0x000001a3ca690000]
CodeHeap 'non-nmethods': size=5760Kb used=1737Kb max_used=1810Kb free=4022Kb
 bounds [0x000001a3ca690000, 0x000001a3ca900000, 0x000001a3cac30000]
 total_blobs=6977 nmethods=6225 adapters=655
 compilation: enabled
              stopped_count=0, restarted_count=0
 full_count=0

Compilation events (20 events):
Event: 1428.303 Thread 0x000001a3d597d030 nmethod 9810 0x000001a3cb022990 code [0x000001a3cb022b00, 0x000001a3cb022bb0]
Event: 1431.994 Thread 0x000001a3d59aa1c0 9811       3       java.util.HashMap$KeySet::iterator (12 bytes)
Event: 1431.996 Thread 0x000001a3d59aa1c0 nmethod 9811 0x000001a3c3cbaf90 code [0x000001a3c3cbb140, 0x000001a3c3cbb348]
Event: 1436.904 Thread 0x000001a3d597d030 9812       4       java.util.concurrent.locks.LockSupport::setBlocker (12 bytes)
Event: 1436.911 Thread 0x000001a3d597d030 nmethod 9812 0x000001a3cb022c90 code [0x000001a3cb022e00, 0x000001a3cb022f50]
Event: 1439.897 Thread 0x000001a3d597d030 9813   !   4       java.util.concurrent.locks.AbstractQueuedSynchronizer::acquire (424 bytes)
Event: 1439.991 Thread 0x000001a3d597d030 nmethod 9813 0x000001a3cb022f90 code [0x000001a3cb023200, 0x000001a3cb024618]
Event: 1444.892 Thread 0x000001a3d597d030 9814       4       java.util.concurrent.locks.AbstractQueuedSynchronizer$ConditionNode::isReleasable (23 bytes)
Event: 1444.893 Thread 0x000001a3d597d030 nmethod 9814 0x000001a3cb024c90 code [0x000001a3cb024e00, 0x000001a3cb024eb0]
Event: 1446.895 Thread 0x000001a3d597d030 9815       4       java.util.concurrent.locks.AbstractQueuedSynchronizer$Node::clearStatus (12 bytes)
Event: 1446.897 Thread 0x000001a3d597d030 nmethod 9815 0x000001a3cb024f90 code [0x000001a3cb025100, 0x000001a3cb025190]
Event: 1509.347 Thread 0x000001a3d597d030 9816       4       java.nio.HeapByteBuffer::get (64 bytes)
Event: 1509.359 Thread 0x000001a3d597d030 nmethod 9816 0x000001a3cb025290 code [0x000001a3cb025420, 0x000001a3cb0256f0]
Event: 1559.905 Thread 0x000001a3d597d030 9817   !   4       java.util.concurrent.locks.AbstractQueuedSynchronizer::tryInitializeHead (66 bytes)
Event: 1559.926 Thread 0x000001a3d597d030 nmethod 9817 0x000001a3cb025990 code [0x000001a3cb025b20, 0x000001a3cb025e20]
Event: 1594.897 Thread 0x000001a3d597d030 9818   !   4       java.util.concurrent.locks.AbstractQueuedSynchronizer$ConditionObject::newConditionNode (78 bytes)
Event: 1594.928 Thread 0x000001a3d597d030 nmethod 9818 0x000001a3cb025f10 code [0x000001a3cb026100, 0x000001a3cb026618]
Event: 1611.444 Thread 0x000001a3d59aa1c0 9819       3       java.net.Socket::getSoTimeout (47 bytes)
Event: 1611.447 Thread 0x000001a3d59aa1c0 nmethod 9819 0x000001a3c3d9c690 code [0x000001a3c3d9c8a0, 0x000001a3c3d9cef0]
Event: 1632.901 Thread 0x000001a3d597d030 9820       4       java.util.concurrent.locks.AbstractQueuedSynchronizer$ConditionObject::enableWait (84 bytes)

GC Heap History (20 events):
Event: 1305.916 GC heap before
{Heap before GC invocations=24 (full 1):
 garbage-first heap   total 56320K, used 40119K [0x00000000c1400000, 0x0000000100000000)
  region size 1024K, 10 young (10240K), 3 survivors (3072K)
 Metaspace       used 70223K, committed 70976K, reserved 1114112K
  class space    used 9239K, committed 9664K, reserved 1048576K
}
Event: 1306.534 GC heap after
{Heap after GC invocations=25 (full 2):
 garbage-first heap   total 56320K, used 25435K [0x00000000c1400000, 0x0000000100000000)
  region size 1024K, 0 young (0K), 0 survivors (0K)
 Metaspace       used 70223K, committed 70976K, reserved 1114112K
  class space    used 9239K, committed 9664K, reserved 1048576K
}
Event: 1308.734 GC heap before
{Heap before GC invocations=25 (full 2):
 garbage-first heap   total 56320K, used 45915K [0x00000000c1400000, 0x0000000100000000)
  region size 1024K, 21 young (21504K), 0 survivors (0K)
 Metaspace       used 70387K, committed 71104K, reserved 1114112K
  class space    used 9243K, committed 9664K, reserved 1048576K
}
Event: 1308.744 GC heap after
{Heap after GC invocations=26 (full 2):
 garbage-first heap   total 56320K, used 27698K [0x00000000c1400000, 0x0000000100000000)
  region size 1024K, 3 young (3072K), 3 survivors (3072K)
 Metaspace       used 70387K, committed 71104K, reserved 1114112K
  class space    used 9243K, committed 9664K, reserved 1048576K
}
Event: 1310.449 GC heap before
{Heap before GC invocations=27 (full 2):
 garbage-first heap   total 56320K, used 46130K [0x00000000c1400000, 0x0000000100000000)
  region size 1024K, 22 young (22528K), 3 survivors (3072K)
 Metaspace       used 70693K, committed 71488K, reserved 1114112K
  class space    used 9248K, committed 9664K, reserved 1048576K
}
Event: 1310.459 GC heap after
{Heap after GC invocations=28 (full 2):
 garbage-first heap   total 56320K, used 30323K [0x00000000c1400000, 0x0000000100000000)
  region size 1024K, 3 young (3072K), 3 survivors (3072K)
 Metaspace       used 70693K, committed 71488K, reserved 1114112K
  class space    used 9248K, committed 9664K, reserved 1048576K
}
Event: 1320.604 GC heap before
{Heap before GC invocations=28 (full 2):
 garbage-first heap   total 56320K, used 43635K [0x00000000c1400000, 0x0000000100000000)
  region size 1024K, 17 young (17408K), 3 survivors (3072K)
 Metaspace       used 70887K, committed 71616K, reserved 1114112K
  class space    used 9255K, committed 9664K, reserved 1048576K
}
Event: 1320.689 GC heap after
{Heap after GC invocations=29 (full 3):
 garbage-first heap   total 56320K, used 25630K [0x00000000c1400000, 0x0000000100000000)
  region size 1024K, 0 young (0K), 0 survivors (0K)
 Metaspace       used 70884K, committed 71616K, reserved 1114112K
  class space    used 9254K, committed 9664K, reserved 1048576K
}
Event: 1321.426 GC heap before
{Heap before GC invocations=29 (full 3):
 garbage-first heap   total 56320K, used 46110K [0x00000000c1400000, 0x0000000100000000)
  region size 1024K, 20 young (20480K), 0 survivors (0K)
 Metaspace       used 70985K, committed 71680K, reserved 1114112K
  class space    used 9257K, committed 9664K, reserved 1048576K
}
Event: 1321.431 GC heap after
{Heap after GC invocations=30 (full 3):
 garbage-first heap   total 56320K, used 27794K [0x00000000c1400000, 0x0000000100000000)
  region size 1024K, 3 young (3072K), 3 survivors (3072K)
 Metaspace       used 70985K, committed 71680K, reserved 1114112K
  class space    used 9257K, committed 9664K, reserved 1048576K
}
Event: 1322.175 GC heap before
{Heap before GC invocations=31 (full 3):
 garbage-first heap   total 58368K, used 45202K [0x00000000c1400000, 0x0000000100000000)
  region size 1024K, 21 young (21504K), 3 survivors (3072K)
 Metaspace       used 71165K, committed 71872K, reserved 1114112K
  class space    used 9262K, committed 9664K, reserved 1048576K
}
Event: 1322.186 GC heap after
{Heap after GC invocations=32 (full 3):
 garbage-first heap   total 58368K, used 29531K [0x00000000c1400000, 0x0000000100000000)
  region size 1024K, 2 young (2048K), 2 survivors (2048K)
 Metaspace       used 71165K, committed 71872K, reserved 1114112K
  class space    used 9262K, committed 9664K, reserved 1048576K
}
Event: 1347.437 GC heap before
{Heap before GC invocations=32 (full 3):
 garbage-first heap   total 58368K, used 47963K [0x00000000c1400000, 0x0000000100000000)
  region size 1024K, 21 young (21504K), 2 survivors (2048K)
 Metaspace       used 71748K, committed 72448K, reserved 1114112K
  class space    used 9324K, committed 9664K, reserved 1048576K
}
Event: 1347.446 GC heap after
{Heap after GC invocations=33 (full 3):
 garbage-first heap   total 58368K, used 32230K [0x00000000c1400000, 0x0000000100000000)
  region size 1024K, 3 young (3072K), 3 survivors (3072K)
 Metaspace       used 71748K, committed 72448K, reserved 1114112K
  class space    used 9324K, committed 9664K, reserved 1048576K
}
Event: 1409.257 GC heap before
{Heap before GC invocations=33 (full 3):
 garbage-first heap   total 58368K, used 35302K [0x00000000c1400000, 0x0000000100000000)
  region size 1024K, 8 young (8192K), 3 survivors (3072K)
 Metaspace       used 72209K, committed 72832K, reserved 1114112K
  class space    used 9372K, committed 9664K, reserved 1048576K
}
Event: 1409.417 GC heap after
{Heap after GC invocations=34 (full 4):
 garbage-first heap   total 58368K, used 27750K [0x00000000c1400000, 0x0000000100000000)
  region size 1024K, 0 young (0K), 0 survivors (0K)
 Metaspace       used 72206K, committed 72832K, reserved 1114112K
  class space    used 9372K, committed 9664K, reserved 1048576K
}
Event: 1409.986 GC heap before
{Heap before GC invocations=34 (full 4):
 garbage-first heap   total 58368K, used 49254K [0x00000000c1400000, 0x0000000100000000)
  region size 1024K, 21 young (21504K), 0 survivors (0K)
 Metaspace       used 72275K, committed 72896K, reserved 1114112K
  class space    used 9376K, committed 9664K, reserved 1048576K
}
Event: 1409.991 GC heap after
{Heap after GC invocations=35 (full 4):
 garbage-first heap   total 58368K, used 30039K [0x00000000c1400000, 0x0000000100000000)
  region size 1024K, 3 young (3072K), 3 survivors (3072K)
 Metaspace       used 72275K, committed 72896K, reserved 1114112K
  class space    used 9376K, committed 9664K, reserved 1048576K
}
Event: 1410.613 GC heap before
{Heap before GC invocations=36 (full 4):
 garbage-first heap   total 63488K, used 48471K [0x00000000c1400000, 0x0000000100000000)
  region size 1024K, 22 young (22528K), 3 survivors (3072K)
 Metaspace       used 72501K, committed 73216K, reserved 1114112K
  class space    used 9385K, committed 9728K, reserved 1048576K
}
Event: 1410.622 GC heap after
{Heap after GC invocations=37 (full 4):
 garbage-first heap   total 63488K, used 31846K [0x00000000c1400000, 0x0000000100000000)
  region size 1024K, 2 young (2048K), 2 survivors (2048K)
 Metaspace       used 72501K, committed 73216K, reserved 1114112K
  class space    used 9385K, committed 9728K, reserved 1048576K
}

Dll operation events (11 events):
Event: 0.030 Loaded shared library C:\Program Files\Java\jdk-21\bin\java.dll
Event: 0.197 Loaded shared library C:\Program Files\Java\jdk-21\bin\jsvml.dll
Event: 0.358 Loaded shared library C:\Program Files\Java\jdk-21\bin\net.dll
Event: 0.362 Loaded shared library C:\Program Files\Java\jdk-21\bin\nio.dll
Event: 0.370 Loaded shared library C:\Program Files\Java\jdk-21\bin\zip.dll
Event: 0.773 Loaded shared library C:\Program Files\Java\jdk-21\bin\jimage.dll
Event: 1.451 Loaded shared library C:\Program Files\Java\jdk-21\bin\management.dll
Event: 1.483 Loaded shared library C:\Program Files\Java\jdk-21\bin\management_ext.dll
Event: 3.693 Loaded shared library C:\Program Files\Java\jdk-21\bin\sunmscapi.dll
Event: 8.083 Loaded shared library C:\Program Files\Java\jdk-21\bin\verify.dll
Event: 8.736 Loaded shared library C:\Program Files\Java\jdk-21\bin\extnet.dll

Deoptimization events (20 events):
Event: 1410.876 Thread 0x000001a41e3add00 DEOPT PACKING pc=0x000001a3cadd059c sp=0x0000006617bfebb0
Event: 1410.876 Thread 0x000001a41e3add00 DEOPT UNPACKING pc=0x000001a3ca6e46a2 sp=0x0000006617bfeb68 mode 2
Event: 1410.887 Thread 0x000001a41e3add00 DEOPT PACKING pc=0x000001a3c3b1213d sp=0x0000006617bfeac0
Event: 1410.887 Thread 0x000001a41e3add00 DEOPT UNPACKING pc=0x000001a3ca6e4e42 sp=0x0000006617bfdf88 mode 0
Event: 1410.888 Thread 0x000001a41e3add00 DEOPT PACKING pc=0x000001a3c3b1213d sp=0x0000006617bfeac0
Event: 1410.888 Thread 0x000001a41e3add00 DEOPT UNPACKING pc=0x000001a3ca6e4e42 sp=0x0000006617bfdf88 mode 0
Event: 1410.889 Thread 0x000001a41e3add00 DEOPT PACKING pc=0x000001a3c3b1213d sp=0x0000006617bfeac0
Event: 1410.889 Thread 0x000001a41e3add00 DEOPT UNPACKING pc=0x000001a3ca6e4e42 sp=0x0000006617bfdf88 mode 0
Event: 1410.890 Thread 0x000001a41e3add00 DEOPT PACKING pc=0x000001a3c3b1213d sp=0x0000006617bfeac0
Event: 1410.890 Thread 0x000001a41e3add00 DEOPT UNPACKING pc=0x000001a3ca6e4e42 sp=0x0000006617bfdf88 mode 0
Event: 1410.890 Thread 0x000001a41e3add00 DEOPT PACKING pc=0x000001a3c3b1213d sp=0x0000006617bfeac0
Event: 1410.890 Thread 0x000001a41e3add00 DEOPT UNPACKING pc=0x000001a3ca6e4e42 sp=0x0000006617bfdf88 mode 0
Event: 1410.891 Thread 0x000001a41e3add00 DEOPT PACKING pc=0x000001a3c3b1213d sp=0x0000006617bfeac0
Event: 1410.891 Thread 0x000001a41e3add00 DEOPT UNPACKING pc=0x000001a3ca6e4e42 sp=0x0000006617bfdf88 mode 0
Event: 1410.891 Thread 0x000001a41e3add00 DEOPT PACKING pc=0x000001a3c3b1213d sp=0x0000006617bfeac0
Event: 1410.891 Thread 0x000001a41e3add00 DEOPT UNPACKING pc=0x000001a3ca6e4e42 sp=0x0000006617bfdf88 mode 0
Event: 1410.926 Thread 0x000001a41e3ad670 DEOPT PACKING pc=0x000001a3c3c07991 sp=0x00000066180fdce0
Event: 1410.926 Thread 0x000001a41e3ad670 DEOPT UNPACKING pc=0x000001a3ca6e4e42 sp=0x00000066180fd158 mode 0
Event: 1410.926 Thread 0x000001a41e3ad670 DEOPT PACKING pc=0x000001a3c318c3b3 sp=0x00000066180fdac0
Event: 1410.926 Thread 0x000001a41e3ad670 DEOPT UNPACKING pc=0x000001a3ca6e4e42 sp=0x00000066180fcf30 mode 0

Classes loaded (20 events):
Event: 1117.124 Loading class java/util/concurrent/locks/AbstractQueuedSynchronizer$SharedNode
Event: 1117.129 Loading class java/util/concurrent/locks/AbstractQueuedSynchronizer$SharedNode done
Event: 1117.383 Loading class sun/security/ssl/Alert
Event: 1117.479 Loading class sun/security/ssl/Alert done
Event: 1117.511 Loading class sun/security/ssl/Alert$AlertConsumer
Event: 1117.552 Loading class sun/security/ssl/Alert$AlertConsumer done
Event: 1117.554 Loading class sun/security/ssl/Alert$Level
Event: 1117.564 Loading class sun/security/ssl/Alert$Level done
Event: 1117.588 Loading class sun/net/ConnectionResetException
Event: 1117.600 Loading class sun/net/ConnectionResetException done
Event: 1117.801 Loading class java/util/WeakHashMap$KeyIterator
Event: 1117.803 Loading class java/util/WeakHashMap$HashIterator
Event: 1117.805 Loading class java/util/WeakHashMap$HashIterator done
Event: 1117.806 Loading class java/util/WeakHashMap$KeyIterator done
Event: 1118.518 Loading class java/lang/ref/Finalizer$2
Event: 1118.521 Loading class java/lang/ref/Finalizer$2 done
Event: 1118.521 Loading class java/lang/ref/Finalizer$1
Event: 1118.523 Loading class java/lang/ref/Finalizer$1 done
Event: 1124.267 Loading class java/time/DurationEditor
Event: 1124.268 Loading class java/time/DurationEditor done

Classes unloaded (20 events):
Event: 1121.412 Thread 0x000001a3bada0f80 Unloading class 0x000001a3d70d3000 'java/lang/invoke/LambdaForm$MH+0x000001a3d70d3000'
Event: 1121.412 Thread 0x000001a3bada0f80 Unloading class 0x000001a3d70d2c00 'java/lang/invoke/LambdaForm$MH+0x000001a3d70d2c00'
Event: 1121.412 Thread 0x000001a3bada0f80 Unloading class 0x000001a3d70d1800 'java/lang/invoke/LambdaForm$MH+0x000001a3d70d1800'
Event: 1121.412 Thread 0x000001a3bada0f80 Unloading class 0x000001a3d70d1400 'java/lang/invoke/LambdaForm$MH+0x000001a3d70d1400'
Event: 1121.412 Thread 0x000001a3bada0f80 Unloading class 0x000001a3d70bcc00 'java/lang/invoke/LambdaForm$MH+0x000001a3d70bcc00'
Event: 1121.412 Thread 0x000001a3bada0f80 Unloading class 0x000001a3d70bc000 'java/lang/invoke/LambdaForm$DMH+0x000001a3d70bc000'
Event: 1121.412 Thread 0x000001a3bada0f80 Unloading class 0x000001a3d7090000 'java/lang/invoke/LambdaForm$MH+0x000001a3d7090000'
Event: 1121.412 Thread 0x000001a3bada0f80 Unloading class 0x000001a3d7081000 'java/lang/invoke/LambdaForm$MH+0x000001a3d7081000'
Event: 1121.412 Thread 0x000001a3bada0f80 Unloading class 0x000001a3d7019400 'java/lang/invoke/LambdaForm$MH+0x000001a3d7019400'
Event: 1121.412 Thread 0x000001a3bada0f80 Unloading class 0x000001a3d7018800 'java/lang/invoke/LambdaForm$MH+0x000001a3d7018800'
Event: 1121.412 Thread 0x000001a3bada0f80 Unloading class 0x000001a3d7018400 'java/lang/invoke/LambdaForm$MH+0x000001a3d7018400'
Event: 1121.412 Thread 0x000001a3bada0f80 Unloading class 0x000001a3d7017c00 'java/lang/invoke/LambdaForm$MH+0x000001a3d7017c00'
Event: 1121.412 Thread 0x000001a3bada0f80 Unloading class 0x000001a3d7017800 'java/lang/invoke/LambdaForm$MH+0x000001a3d7017800'
Event: 1121.412 Thread 0x000001a3bada0f80 Unloading class 0x000001a3d7017400 'java/lang/invoke/LambdaForm$MH+0x000001a3d7017400'
Event: 1121.412 Thread 0x000001a3bada0f80 Unloading class 0x000001a3d7016800 'java/lang/invoke/LambdaForm$MH+0x000001a3d7016800'
Event: 1121.412 Thread 0x000001a3bada0f80 Unloading class 0x000001a3d7015800 'java/lang/invoke/LambdaForm$MH+0x000001a3d7015800'
Event: 1121.412 Thread 0x000001a3bada0f80 Unloading class 0x000001a3d7014c00 'java/lang/invoke/LambdaForm$MH+0x000001a3d7014c00'
Event: 1121.412 Thread 0x000001a3bada0f80 Unloading class 0x000001a3d7014400 'java/lang/invoke/LambdaForm$MH+0x000001a3d7014400'
Event: 1320.636 Thread 0x000001a3bada0f80 Unloading class 0x000001a3d78b4000 'org/apache/catalina/loader/JdbcLeakPrevention'
Event: 1409.351 Thread 0x000001a3bada0f80 Unloading class 0x000001a3d7834000 'org/apache/catalina/loader/JdbcLeakPrevention'

Classes redefined (0 events):
No events

Internal exceptions (20 events):
Event: 1321.471 Thread 0x000001a41d376bb0 Exception <a 'java/lang/NoClassDefFoundError'{0x00000000c4c7c058}: org/jooq/DSLContext> (0x00000000c4c7c058) 
thrown [s\open\src\hotspot\share\oops\constantPool.cpp, line 873]
Event: 1321.476 Thread 0x000001a41d376bb0 Exception <a 'java/lang/NoClassDefFoundError'{0x00000000c4cb4d00}: org/springframework/batch/core/repository/JobRepository> (0x00000000c4cb4d00) 
thrown [s\open\src\hotspot\share\oops\constantPool.cpp, line 873]
Event: 1321.476 Thread 0x000001a41d376bb0 Exception <a 'java/lang/NoClassDefFoundError'{0x00000000c4cb5358}: org/quartz/Scheduler> (0x00000000c4cb5358) 
thrown [s\open\src\hotspot\share\oops\constantPool.cpp, line 873]
Event: 1321.476 Thread 0x000001a41d376bb0 Exception <a 'java/lang/NoClassDefFoundError'{0x00000000c4cb59d8}: org/springframework/session/jdbc/JdbcIndexedSessionRepository> (0x00000000c4cb59d8) 
thrown [s\open\src\hotspot\share\oops\constantPool.cpp, line 873]
Event: 1321.588 Thread 0x000001a41d376bb0 Exception <a 'java/io/FileNotFoundException'{0x00000000c46ac4d8}> (0x00000000c46ac4d8) 
thrown [s\open\src\hotspot\share\prims\jni.cpp, line 520]
Event: 1321.626 Thread 0x000001a41d376bb0 Exception <a 'java/io/FileNotFoundException'{0x00000000c4453790}> (0x00000000c4453790) 
thrown [s\open\src\hotspot\share\prims\jni.cpp, line 520]
Event: 1409.215 Thread 0x000001a41e3af740 Exception <a 'java/io/IOException'{0x00000000c481e588}> (0x00000000c481e588) 
thrown [s\open\src\hotspot\share\prims\jni.cpp, line 520]
Event: 1409.218 Thread 0x000001a41e3af740 Exception <a 'java/io/IOException'{0x00000000c4820760}> (0x00000000c4820760) 
thrown [s\open\src\hotspot\share\prims\jni.cpp, line 520]
Event: 1409.222 Thread 0x000001a41e3af740 Exception <a 'java/io/IOException'{0x00000000c4822630}> (0x00000000c4822630) 
thrown [s\open\src\hotspot\share\prims\jni.cpp, line 520]
Event: 1409.227 Thread 0x000001a41e3af740 Exception <a 'java/io/IOException'{0x00000000c4824740}> (0x00000000c4824740) 
thrown [s\open\src\hotspot\share\prims\jni.cpp, line 520]
Event: 1409.256 Thread 0x000001a41d3799a0 Exception <a 'java/lang/InterruptedException'{0x00000000c483dec0}: sleep interrupted> (0x00000000c483dec0) 
thrown [s\open\src\hotspot\share\prims\jvm.cpp, line 3074]
Event: 1409.432 Thread 0x000001a41e3add00 Exception <a 'sun/nio/fs/WindowsException'{0x00000000c53600d8}> (0x00000000c53600d8) 
thrown [s\open\src\hotspot\share\prims\jni.cpp, line 520]
Event: 1410.003 Thread 0x000001a41e3add00 Exception <a 'java/lang/NoClassDefFoundError'{0x00000000c53624c8}: org/flywaydb/core/Flyway> (0x00000000c53624c8) 
thrown [s\open\src\hotspot\share\oops\constantPool.cpp, line 873]
Event: 1410.003 Thread 0x000001a41e3add00 Exception <a 'java/lang/NoClassDefFoundError'{0x00000000c5362b28}: liquibase/integration/spring/SpringLiquibase> (0x00000000c5362b28) 
thrown [s\open\src\hotspot\share\oops\constantPool.cpp, line 873]
Event: 1410.007 Thread 0x000001a41e3add00 Exception <a 'java/lang/NoClassDefFoundError'{0x00000000c537bd10}: org/jooq/DSLContext> (0x00000000c537bd10) 
thrown [s\open\src\hotspot\share\oops\constantPool.cpp, line 873]
Event: 1410.011 Thread 0x000001a41e3add00 Exception <a 'java/lang/NoClassDefFoundError'{0x00000000c53b4400}: org/springframework/batch/core/repository/JobRepository> (0x00000000c53b4400) 
thrown [s\open\src\hotspot\share\oops\constantPool.cpp, line 873]
Event: 1410.011 Thread 0x000001a41e3add00 Exception <a 'java/lang/NoClassDefFoundError'{0x00000000c53b4a58}: org/quartz/Scheduler> (0x00000000c53b4a58) 
thrown [s\open\src\hotspot\share\oops\constantPool.cpp, line 873]
Event: 1410.011 Thread 0x000001a41e3add00 Exception <a 'java/lang/NoClassDefFoundError'{0x00000000c53b50d8}: org/springframework/session/jdbc/JdbcIndexedSessionRepository> (0x00000000c53b50d8) 
thrown [s\open\src\hotspot\share\oops\constantPool.cpp, line 873]
Event: 1410.112 Thread 0x000001a41e3add00 Exception <a 'java/io/FileNotFoundException'{0x00000000c47aa8e8}> (0x00000000c47aa8e8) 
thrown [s\open\src\hotspot\share\prims\jni.cpp, line 520]
Event: 1410.152 Thread 0x000001a41e3add00 Exception <a 'java/io/FileNotFoundException'{0x00000000c4f50e00}> (0x00000000c4f50e00) 
thrown [s\open\src\hotspot\share\prims\jni.cpp, line 520]

ZGC Phase Switch (0 events):
No events

VM Operations (20 events):
Event: 1410.087 Executing VM operation: G1PauseRemark
Event: 1410.097 Executing VM operation: G1PauseRemark done
Event: 1410.129 Executing VM operation: G1PauseCleanup
Event: 1410.129 Executing VM operation: G1PauseCleanup done
Event: 1410.613 Executing VM operation: G1CollectForAllocation (G1 Evacuation Pause)
Event: 1410.623 Executing VM operation: G1CollectForAllocation (G1 Evacuation Pause) done
Event: 1411.625 Executing VM operation: Cleanup
Event: 1411.625 Executing VM operation: Cleanup done
Event: 1422.695 Executing VM operation: Cleanup
Event: 1422.695 Executing VM operation: Cleanup done
Event: 1433.785 Executing VM operation: Cleanup
Event: 1433.785 Executing VM operation: Cleanup done
Event: 1443.008 Executing VM operation: HandshakeAllThreads (HandshakeForDeflation)
Event: 1443.008 Executing VM operation: HandshakeAllThreads (HandshakeForDeflation) done
Event: 1443.008 Executing VM operation: RendezvousGCThreads
Event: 1443.008 Executing VM operation: RendezvousGCThreads done
Event: 1446.041 Executing VM operation: Cleanup
Event: 1446.041 Executing VM operation: Cleanup done
Event: 1511.719 Executing VM operation: Cleanup
Event: 1511.719 Executing VM operation: Cleanup done

Events (20 events):
Event: 1410.153 Thread 0x000001a41e3afdd0 Thread added: 0x000001a41e3afdd0
Event: 1410.154 Thread 0x000001a41e3ac950 Thread added: 0x000001a41e3ac950
Event: 1410.288 Thread 0x000001a41e3acfe0 Thread added: 0x000001a41e3acfe0
Event: 1410.398 Thread 0x000001a41e3ad670 Thread added: 0x000001a41e3ad670
Event: 1410.848 Thread 0x000001a41d373730 Thread added: 0x000001a41d373730
Event: 1410.877 Thread 0x000001a41d3799a0 Thread added: 0x000001a41d3799a0
Event: 1410.877 Thread 0x000001a41d37a030 Thread added: 0x000001a41d37a030
Event: 1410.877 Thread 0x000001a41d374450 Thread added: 0x000001a41d374450
Event: 1410.877 Thread 0x000001a41d3730a0 Thread added: 0x000001a41d3730a0
Event: 1410.877 Thread 0x000001a41d374ae0 Thread added: 0x000001a41d374ae0
Event: 1410.878 Thread 0x000001a41d37a6c0 Thread added: 0x000001a41d37a6c0
Event: 1410.878 Thread 0x000001a41d375e90 Thread added: 0x000001a41d375e90
Event: 1410.878 Thread 0x000001a41d378c80 Thread added: 0x000001a41d378c80
Event: 1410.878 Thread 0x000001a41d376520 Thread added: 0x000001a41d376520
Event: 1410.878 Thread 0x000001a41d373dc0 Thread added: 0x000001a41d373dc0
Event: 1410.883 Thread 0x000001a41d375170 Thread added: 0x000001a41d375170
Event: 1410.883 Thread 0x000001a41d376bb0 Thread added: 0x000001a41d376bb0
Event: 1410.899 Thread 0x000001a41e3add00 Thread exited: 0x000001a41e3add00
Event: 1410.899 Thread 0x000001a41e3aea20 Thread exited: 0x000001a41e3aea20
Event: 1416.078 Thread 0x000001a41e3ad670 Thread exited: 0x000001a41e3ad670


Dynamic libraries:
0x00007ff7b7450000 - 0x00007ff7b7460000 	C:\Program Files\Java\jdk-21\bin\javaw.exe
0x00007ff81fc10000 - 0x00007ff81fe08000 	C:\Windows\SYSTEM32\ntdll.dll
0x00007ff81e3e0000 - 0x00007ff81e4a2000 	C:\Windows\System32\KERNEL32.DLL
0x00007ff81d600000 - 0x00007ff81d8f6000 	C:\Windows\System32\KERNELBASE.dll
0x00007ff81d340000 - 0x00007ff81d440000 	C:\Windows\System32\ucrtbase.dll
0x00007ff818ab0000 - 0x00007ff818ac9000 	C:\Program Files\Java\jdk-21\bin\jli.dll
0x00007ff81ede0000 - 0x00007ff81ee91000 	C:\Windows\System32\ADVAPI32.dll
0x00007ff81ef30000 - 0x00007ff81efce000 	C:\Windows\System32\msvcrt.dll
0x00007ff81f110000 - 0x00007ff81f1af000 	C:\Windows\System32\sechost.dll
0x00007ff81dc30000 - 0x00007ff81dd53000 	C:\Windows\System32\RPCRT4.dll
0x00007ff81da60000 - 0x00007ff81da87000 	C:\Windows\System32\bcrypt.dll
0x00007ff81fa30000 - 0x00007ff81fbcd000 	C:\Windows\System32\USER32.dll
0x00007ff81d440000 - 0x00007ff81d462000 	C:\Windows\System32\win32u.dll
0x00007ff81f1b0000 - 0x00007ff81f1db000 	C:\Windows\System32\GDI32.dll
0x00007ff81da90000 - 0x00007ff81dba9000 	C:\Windows\System32\gdi32full.dll
0x00007ff81d2a0000 - 0x00007ff81d33d000 	C:\Windows\System32\msvcp_win.dll
0x00007ff816f20000 - 0x00007ff816f3b000 	C:\Program Files\Java\jdk-21\bin\VCRUNTIME140.dll
0x00007ff80e7f0000 - 0x00007ff80ea8a000 	C:\Windows\WinSxS\amd64_microsoft.windows.common-controls_6595b64144ccf1df_6.0.19041.5915_none_60b4b9d171f9c7c7\COMCTL32.dll
0x00007ff8169a0000 - 0x00007ff8169aa000 	C:\Windows\SYSTEM32\VERSION.dll
0x00007ff81e170000 - 0x00007ff81e19f000 	C:\Windows\System32\IMM32.DLL
0x00007ff818aa0000 - 0x00007ff818aac000 	C:\Program Files\Java\jdk-21\bin\vcruntime140_1.dll
0x00007ffff82c0000 - 0x00007ffff834e000 	C:\Program Files\Java\jdk-21\bin\msvcp140.dll
0x00007fff94320000 - 0x00007fff95033000 	C:\Program Files\Java\jdk-21\bin\server\jvm.dll
0x00007ff81efd0000 - 0x00007ff81f03b000 	C:\Windows\System32\WS2_32.dll
0x00007ff81d100000 - 0x00007ff81d14b000 	C:\Windows\SYSTEM32\POWRPROF.dll
0x00007ff80f260000 - 0x00007ff80f287000 	C:\Windows\SYSTEM32\WINMM.dll
0x00007ff81d0e0000 - 0x00007ff81d0f2000 	C:\Windows\SYSTEM32\UMPDC.dll
0x00007ff81bac0000 - 0x00007ff81bad2000 	C:\Windows\SYSTEM32\kernel.appcore.dll
0x00007ff816750000 - 0x00007ff81675a000 	C:\Program Files\Java\jdk-21\bin\jimage.dll
0x00007ff81ae30000 - 0x00007ff81b031000 	C:\Windows\SYSTEM32\DBGHELP.DLL
0x00007ff814210000 - 0x00007ff814244000 	C:\Windows\SYSTEM32\dbgcore.DLL
0x00007ff81d570000 - 0x00007ff81d5f2000 	C:\Windows\System32\bcryptPrimitives.dll
0x00007ff814a20000 - 0x00007ff814a3f000 	C:\Program Files\Java\jdk-21\bin\java.dll
0x00007ff81f260000 - 0x00007ff81f9ce000 	C:\Windows\System32\SHELL32.dll
0x00007ff81b300000 - 0x00007ff81baa4000 	C:\Windows\SYSTEM32\windows.storage.dll
0x00007ff81dd60000 - 0x00007ff81e0b3000 	C:\Windows\System32\combase.dll
0x00007ff81cc00000 - 0x00007ff81cc2b000 	C:\Windows\SYSTEM32\Wldp.dll
0x00007ff81f040000 - 0x00007ff81f10d000 	C:\Windows\System32\OLEAUT32.dll
0x00007ff81e1a0000 - 0x00007ff81e24d000 	C:\Windows\System32\SHCORE.dll
0x00007ff81e930000 - 0x00007ff81e98b000 	C:\Windows\System32\shlwapi.dll
0x00007ff81d1d0000 - 0x00007ff81d1f5000 	C:\Windows\SYSTEM32\profapi.dll
0x00007ffff13d0000 - 0x00007ffff14a7000 	C:\Program Files\Java\jdk-21\bin\jsvml.dll
0x00007ff816510000 - 0x00007ff816520000 	C:\Program Files\Java\jdk-21\bin\net.dll
0x00007ff814f30000 - 0x00007ff81503a000 	C:\Windows\SYSTEM32\WINHTTP.dll
0x00007ff81c960000 - 0x00007ff81c9ca000 	C:\Windows\system32\mswsock.dll
0x00007ff805b30000 - 0x00007ff805b46000 	C:\Program Files\Java\jdk-21\bin\nio.dll
0x00007ff80f370000 - 0x00007ff80f388000 	C:\Program Files\Java\jdk-21\bin\zip.dll
0x00007ff80f350000 - 0x00007ff80f35a000 	C:\Program Files\Java\jdk-21\bin\management.dll
0x00007ff80e7b0000 - 0x00007ff80e7bb000 	C:\Program Files\Java\jdk-21\bin\management_ext.dll
0x00007ff81ea10000 - 0x00007ff81ea18000 	C:\Windows\System32\PSAPI.DLL
0x00007ff80fee0000 - 0x00007ff80feee000 	C:\Program Files\Java\jdk-21\bin\sunmscapi.dll
0x00007ff81d900000 - 0x00007ff81da5d000 	C:\Windows\System32\CRYPT32.dll
0x00007ff81cc70000 - 0x00007ff81cc97000 	C:\Windows\SYSTEM32\ncrypt.dll
0x00007ff81cc30000 - 0x00007ff81cc6b000 	C:\Windows\SYSTEM32\NTASN1.dll
0x00007ff81cb60000 - 0x00007ff81cb78000 	C:\Windows\SYSTEM32\CRYPTSP.dll
0x00007ff81c280000 - 0x00007ff81c2b8000 	C:\Windows\system32\rsaenh.dll
0x00007ff81d150000 - 0x00007ff81d17e000 	C:\Windows\SYSTEM32\USERENV.dll
0x00007ff81cb50000 - 0x00007ff81cb5c000 	C:\Windows\SYSTEM32\CRYPTBASE.dll
0x00007ff81c640000 - 0x00007ff81c67b000 	C:\Windows\SYSTEM32\IPHLPAPI.DLL
0x00007ff81eb40000 - 0x00007ff81eb48000 	C:\Windows\System32\NSI.dll
0x00007ff812c30000 - 0x00007ff812c40000 	C:\Program Files\Java\jdk-21\bin\verify.dll
0x00007ff81c680000 - 0x00007ff81c74a000 	C:\Windows\SYSTEM32\DNSAPI.dll
0x00007ff814190000 - 0x00007ff81419a000 	C:\Windows\System32\rasadhlp.dll
0x00007ff812470000 - 0x00007ff8124f0000 	C:\Windows\System32\fwpuclnt.dll
0x00007ff80f9d0000 - 0x00007ff80f9d9000 	C:\Program Files\Java\jdk-21\bin\extnet.dll
0x00007ff816a80000 - 0x00007ff816a87000 	C:\Windows\system32\wshunix.dll

dbghelp: loaded successfully - version: 4.0.5 - missing functions: none
symbol engine: initialized successfully - sym options: 0x614 - pdb path: .;C:\Program Files\Java\jdk-21\bin;C:\Windows\SYSTEM32;C:\Windows\WinSxS\amd64_microsoft.windows.common-controls_6595b64144ccf1df_6.0.19041.5915_none_60b4b9d171f9c7c7;C:\Program Files\Java\jdk-21\bin\server

VM Arguments:
jvm_args: -Dfile.encoding=UTF-8 -Dstdout.encoding=UTF-8 -Dstderr.encoding=UTF-8 -XX:+ShowCodeDetailsInExceptionMessages 
java_command: com.CRUDOP.ProductManagementSystem.ProductManagementSystemApplication
java_class_path (initial): C:\Users\hp\Downloads\ProductManagementSystem\target\classes;C:\Users\hp\.m2\repository\org\springframework\boot\spring-boot-starter-data-jpa\3.5.3\spring-boot-starter-data-jpa-3.5.3.jar;C:\Users\hp\.m2\repository\org\springframework\boot\spring-boot-starter\3.5.3\spring-boot-starter-3.5.3.jar;C:\Users\hp\.m2\repository\org\springframework\boot\spring-boot-starter-logging\3.5.3\spring-boot-starter-logging-3.5.3.jar;C:\Users\hp\.m2\repository\ch\qos\logback\logback-classic\1.5.18\logback-classic-1.5.18.jar;C:\Users\hp\.m2\repository\ch\qos\logback\logback-core\1.5.18\logback-core-1.5.18.jar;C:\Users\hp\.m2\repository\org\apache\logging\log4j\log4j-to-slf4j\2.24.3\log4j-to-slf4j-2.24.3.jar;C:\Users\hp\.m2\repository\org\apache\logging\log4j\log4j-api\2.24.3\log4j-api-2.24.3.jar;C:\Users\hp\.m2\repository\org\slf4j\jul-to-slf4j\2.0.17\jul-to-slf4j-2.0.17.jar;C:\Users\hp\.m2\repository\jakarta\annotation\jakarta.annotation-api\2.1.1\jakarta.annotation-api-2.1.1.jar;C:\Users\hp\.m2\repository\org\yaml\snakeyaml\2.4\snakeyaml-2.4.jar;C:\Users\hp\.m2\repository\org\springframework\boot\spring-boot-starter-jdbc\3.5.3\spring-boot-starter-jdbc-3.5.3.jar;C:\Users\hp\.m2\repository\com\zaxxer\HikariCP\6.3.0\HikariCP-6.3.0.jar;C:\Users\hp\.m2\repository\org\springframework\spring-jdbc\6.2.8\spring-jdbc-6.2.8.jar;C:\Users\hp\.m2\repository\org\hibernate\orm\hibernate-core\6.6.18.Final\hibernate-core-6.6.18.Final.jar;C:\Users\hp\.m2\repository\jakarta\persistence\jakarta.persistence-api\3.1.0\jakarta.persistence-api-3.1.0.jar;C:\Users\hp\.m2\repository\jakarta\transaction\jakarta.transaction-api\2.0.1\jakarta.transaction-api-2.0.1.jar;C:\Users\hp\.m2\repository\org\jboss\logging\jboss-logging\3.6.1.Final\jboss-logging-3.6.1.Final.jar;C:\Users\hp\.m2\repository\org\hibernate\common\hibernate-commons-annotations\7.0.3.Final\hibernate-commons-annotations-7.0.3.Final.jar;C:\Users\hp\.m2\repository\io\smallrye\jandex\3.2.0\jandex-3.2.0.jar;C:\Users\hp\.m2\repository\com\fasterxml\classmate\1.7.0\classmate-1.7.0.jar;C:\Users\hp\.m2\repository\net\bytebuddy\byte-buddy\1.17.6\byte-buddy-1.17.6.jar;C:\Users\hp\.m2\repository\org\glassfish\jaxb\jaxb-runtime\4.0.5\jaxb-runtime-4.0.5.jar;C:\Users\hp\.m2\repository\org\glassfish\jaxb\jaxb-core\4.0.5\jaxb-core-4.0.5.jar;C:\Users\hp\.m2\repository\org\eclipse\angus\angus-activation\2.0.2\angus-activation-2.0.2.jar;C:\Users\hp\.m2\repository\org\glassfish\jaxb\txw2\4.0.5\txw2-4.0.5.jar;C:\Users\hp\.m2\repository\com\sun\istack\istack-commons-runtime\4.1.2\istack-commons-runtime-4.1.2.jar;C:\Users\hp\.m2\repository\jakarta\inject\jakarta.inject-api\2.0.1\jakarta.inject-api-2.0.1.jar;C:\Users\hp\.m2\repository\org\antlr\antlr4-runtime\4.13.0\antlr4-runtime-4.13.0.jar;C:\Users\hp\.m2\repository\org\springframework\data\spring-data-jpa\3.5.1\spring-data-jpa-3.5.1.jar;C:\Users\hp\.m2\repository\org\springframework\data\spring-data-commons\3.5.1\spring-data-commons-3.5.1.jar;C:\Users\hp\.m2\repository\org\springframework\spring-orm\6.2.8\spring-orm-6.2.8.jar;C:\Users\hp\.m2\repository\org\springframework\spring-context\6.2.8\spring-context-6.2.8.jar;C:\Users\hp\.m2\repository\org\springframework\spring-aop\6.2.8\spring-aop-6.2.8.jar;C:\Users\hp\.m2\repository\org\springframework\spring-tx\6.2.8\spring-tx-6.2.8.jar;C:\Users\hp\.m2\repository\org\springframework\spring-beans\6.2.8\spring-beans-6.2.8.jar;C:\Users\hp\.m2\repository\org\slf4j\slf4j-api\2.0.17\slf4j-api-2.0.17.jar;C:\Users\hp\.m2\repository\org\springframework\spring-aspects\6.2.8\spring-aspects-6.2.8.jar;C:\Users\hp\.m2\repository\org\aspectj\aspectjweaver\1.9.24\aspectjweaver-1.9.24.jar;C:\Users\hp\.m2\repository\org\springframework\boot\spring-boot-starter-thymeleaf\3.5.3\spring-boot-starter-thymeleaf-3.5.3.jar;C:\Users\hp\.m2\repository\org\thymeleaf\thymeleaf-spring6\3.1.3.RELEASE\thymeleaf-spring6-3.1.3.RELEASE.jar;C:\Users\hp\.m2\repository\org\thymeleaf\thymeleaf\3.1.3.RELEASE\thymeleaf-3.1.3.RELEASE.jar;C:\Users\hp\.m2\repository\org\attoparser\attoparser\2.0.7.RELEASE\attoparser-2.0.7.RELEASE.jar;C:\Users\hp\.m2\repository\org\unbescape\unbescape\1.1.6.RELEASE\unbescape-1.1.6.RELEASE.jar;C:\Users\hp\.m2\repository\org\springframework\boot\spring-boot-starter-web\3.5.3\spring-boot-starter-web-3.5.3.jar;C:\Users\hp\.m2\repository\org\springframework\boot\spring-boot-starter-json\3.5.3\spring-boot-starter-json-3.5.3.jar;C:\Users\hp\.m2\repository\com\fasterxml\jackson\core\jackson-databind\2.19.1\jackson-databind-2.19.1.jar;C:\Users\hp\.m2\repository\com\fasterxml\jackson\core\jackson-annotations\2.19.1\jackson-annotations-2.19.1.jar;C:\Users\hp\.m2\repository\com\fasterxml\jackson\core\jackson-core\2.19.1\jackson-core-2.19.1.jar;C:\Users\hp\.m2\repository\com\fasterxml\jackson\datatype\jackson-datatype-jdk8\2.19.1\jackson-datatype-jdk8-2.19.1.jar;C:\Users\hp\.m2\repository\com\fasterxml\jackson\datatype\jackson-datatype-jsr310\2.19.1\jackson-datatype-jsr310-2.19.1.jar;C:\Users\hp\.m2\repository\com\fasterxml\jackson\module\jackson-module-parameter-names\2.19.1\jackson-module-parameter-names-2.19.1.jar;C:\Users\hp\.m2\repository\org\springframework\boot\spring-boot-starter-tomcat\3.5.3\spring-boot-starter-tomcat-3.5.3.jar;C:\Users\hp\.m2\repository\org\apache\tomcat\embed\tomcat-embed-core\10.1.42\tomcat-embed-core-10.1.42.jar;C:\Users\hp\.m2\repository\org\apache\tomcat\embed\tomcat-embed-el\10.1.42\tomcat-embed-el-10.1.42.jar;C:\Users\hp\.m2\repository\org\apache\tomcat\embed\tomcat-embed-websocket\10.1.42\tomcat-embed-websocket-10.1.42.jar;C:\Users\hp\.m2\repository\org\springframework\spring-web\6.2.8\spring-web-6.2.8.jar;C:\Users\hp\.m2\repository\io\micrometer\micrometer-observation\1.15.1\micrometer-observation-1.15.1.jar;C:\Users\hp\.m2\repository\io\micrometer\micrometer-commons\1.15.1\micrometer-commons-1.15.1.jar;C:\Users\hp\.m2\repository\org\springframework\spring-webmvc\6.2.8\spring-webmvc-6.2.8.jar;C:\Users\hp\.m2\repository\org\springframework\spring-expression\6.2.8\spring-expression-6.2.8.jar;C:\Users\hp\.m2\repository\org\springframework\boot\spring-boot-devtools\3.5.3\spring-boot-devtools-3.5.3.jar;C:\Users\hp\.m2\repository\org\springframework\boot\spring-boot\3.5.3\spring-boot-3.5.3.jar;C:\Users\hp\.m2\repository\org\springframework\boot\spring-boot-autoconfigure\3.5.3\spring-boot-autoconfigure-3.5.3.jar;C:\Users\hp\.m2\repository\com\mysql\mysql-connector-j\9.2.0\mysql-connector-j-9.2.0.jar;C:\Users\hp\.m2\repository\org\projectlombok\lombok\1.18.38\lombok-1.18.38.jar;C:\Users\hp\.m2\repository\jakarta\xml\bind\jakarta.xml.bind-api\4.0.2\jakarta.xml.bind-api-4.0.2.jar;C:\Users\hp\.m2\repository\jakarta\activation\jakarta.activation-api\2.1.3\jakarta.activation-api-2.1.3.jar;C:\Users\hp\.m2\repository\org\springframework\spring-core\6.2.8\spring-core-6.2.8.jar;C:\Users\hp\.m2\repository\org\springframework\spring-jcl\6.2.8\spring-jcl-6.2.8.jar
Launcher Type: SUN_STANDARD

[Global flags]
     intx CICompilerCount                          = 3                                         {product} {ergonomic}
     uint ConcGCThreads                            = 1                                         {product} {ergonomic}
     uint G1ConcRefinementThreads                  = 4                                         {product} {ergonomic}
   size_t G1HeapRegionSize                         = 1048576                                   {product} {ergonomic}
    uintx GCDrainStackTargetSize                   = 64                                        {product} {ergonomic}
   size_t InitialHeapSize                          = 67108864                                  {product} {ergonomic}
   size_t MarkStackSize                            = 4194304                                   {product} {ergonomic}
   size_t MaxHeapSize                              = 1052770304                                {product} {ergonomic}
   size_t MaxNewSize                               = 631242752                                 {product} {ergonomic}
   size_t MinHeapDeltaBytes                        = 1048576                                   {product} {ergonomic}
   size_t MinHeapSize                              = 8388608                                   {product} {ergonomic}
    uintx NonNMethodCodeHeapSize                   = 5832780                                {pd product} {ergonomic}
    uintx NonProfiledCodeHeapSize                  = 122912730                              {pd product} {ergonomic}
    uintx ProfiledCodeHeapSize                     = 122912730                              {pd product} {ergonomic}
    uintx ReservedCodeCacheSize                    = 251658240                              {pd product} {ergonomic}
     bool SegmentedCodeCache                       = true                                      {product} {ergonomic}
     bool ShowCodeDetailsInExceptionMessages       = true                                   {manageable} {command line}
   size_t SoftMaxHeapSize                          = 1052770304                             {manageable} {ergonomic}
     bool UseCompressedOops                        = true                           {product lp64_product} {ergonomic}
     bool UseG1GC                                  = true                                      {product} {ergonomic}
     bool UseLargePagesIndividualAllocation        = false                                  {pd product} {ergonomic}

Logging:
Log output configuration:
 #0: stdout all=warning uptime,level,tags foldmultilines=false
 #1: stderr all=off uptime,level,tags foldmultilines=false

Environment Variables:
PATH=C:\Program Files\Common Files\Oracle\Java\javapath;E:\app\hp\product\11.2.0\dbhome_1\bin;C:\Windows\system32;C:\Windows;C:\Windows\System32\Wbem;C:\Windows\System32\WindowsPowerShell\v1.0\;C:\Windows\System32\OpenSSH\;C:\Program Files\Java\jdk-21\bin;C:\Program Files\nodejs\;C:\Program Files\nodejs;C:\Program Files\Git\cmd;C:\Users\hp\AppData\Local\Microsoft\WindowsApps;C:\Users\hp\AppData\Local\Programs\Microsoft VS Code\bin;C:\Users\hp\AppData\Roaming\npm
USERNAME=hp
OS=Windows_NT
PROCESSOR_IDENTIFIER=Intel64 Family 6 Model 78 Stepping 3, GenuineIntel
TMP=C:\Users\hp\AppData\Local\Temp
TEMP=C:\Users\hp\AppData\Local\Temp




Periodic native trim disabled

---------------  S Y S T E M  ---------------

OS:
 Windows 10 , 64 bit Build 19041 (10.0.19041.5915)
OS uptime: 14 days 1:54 hours

CPU: total 4 (initial active 4) (2 cores per cpu, 2 threads per core) family 6 model 78 stepping 3 microcode 0xcc, cx8, cmov, fxsr, ht, mmx, 3dnowpref, sse, sse2, sse3, ssse3, sse4.1, sse4.2, popcnt, lzcnt, tsc, tscinvbit, avx, avx2, aes, erms, clmul, bmi1, bmi2, adx, fma, vzeroupper, clflush, clflushopt, rdtscp, f16c
Processor Information for all 4 processors :
  Max Mhz: 2000, Current Mhz: 2000, Mhz Limit: 2000

Memory: 4k page, system-wide physical 4012M (378M free)
TotalPageFile size 16300M (AvailPageFile size 0M)
current process WorkingSet (physical memory assigned to process): 190M, peak: 248M
current process commit charge ("private bytes"): 268M, peak: 306M

vm_info: Java HotSpot(TM) 64-Bit Server VM (21.0.4+8-LTS-274) for windows-amd64 JRE (21.0.4+8-LTS-274), built on 2024-06-05T05:23:33Z by "mach5one" with MS VC++ 17.6 (VS2022)

END.
